<?xml version="1.0" encoding="UTF-8"?>
<!-- Generated by org.testng.reporters.JUnitXMLReporter -->
<testsuite hostname="NILESH-PC" ignored="0" name="Test" tests="1" failures="1" timestamp="19 Nov 2018 10:12:25 GMT" time="0.038" errors="0">
  <testcase name="check_Out_PaymentGatway" time="0.01" classname="com.qa.testcase.HomePageTest">
    <failure type="java.lang.NullPointerException">
      <![CDATA[java.lang.NullPointerException
at com.qa.testcase.HomePageTest.check_Out_PaymentGatway(HomePageTest.java:359)
at java.util.concurrent.ThreadPoolExecutor.runWorker(ThreadPoolExecutor.java:1142)
at java.util.concurrent.ThreadPoolExecutor$Worker.run(ThreadPoolExecutor.java:617)
at java.lang.Thread.run(Thread.java:745)
... Removed 10 stack frames]]>
    </failure>
  </testcase> <!-- check_Out_PaymentGatway -->
</testsuite> <!-- Test -->
