<?xml version="1.0" encoding="UTF-8"?>
<!-- Generated by org.testng.reporters.JUnitXMLReporter -->
<testsuite hostname="NILESH-PC" ignored="1" name="Test(failed)" tests="7" failures="2" timestamp="01 Nov 2018 12:28:44 GMT" time="0.092" errors="0">
  <testcase name="check_Out_PaymentGatway" time="0.014" classname="com.qa.testcase.HomePageTest">
    <skipped/>
  </testcase> <!-- check_Out_PaymentGatway -->
  <testcase name="check_Out_PaymentGatway" time="0.002" classname="com.qa.testcase.HomePageTest">
    <skipped/>
  </testcase> <!-- check_Out_PaymentGatway -->
  <testcase name="check_Out_PaymentGatway" time="0.004" classname="com.qa.testcase.HomePageTest">
    <skipped/>
  </testcase> <!-- check_Out_PaymentGatway -->
  <testcase name="check_Out_PaymentGatway" time="0.002" classname="com.qa.testcase.HomePageTest">
    <skipped/>
  </testcase> <!-- check_Out_PaymentGatway -->
  <testcase name="check_Out_PaymentGatway" time="0.002" classname="com.qa.testcase.HomePageTest">
    <skipped/>
  </testcase> <!-- check_Out_PaymentGatway -->
  <testcase name="check_Out_PaymentGatway" time="0.003" classname="com.qa.testcase.HomePageTest">
    <failure type="java.lang.NullPointerException">
      <![CDATA[java.lang.NullPointerException
at com.qa.testcase.HomePageTest.check_Out_PaymentGatway(HomePageTest.java:352)
at java.util.concurrent.ThreadPoolExecutor.runWorker(ThreadPoolExecutor.java:1142)
at java.util.concurrent.ThreadPoolExecutor$Worker.run(ThreadPoolExecutor.java:617)
at java.lang.Thread.run(Thread.java:745)
... Removed 10 stack frames]]>
    </failure>
  </testcase> <!-- check_Out_PaymentGatway -->
  <testcase name="verify_TotalPriceGrater_ToSubtotal" time="0.006" classname="com.qa.testcase.HomePageTest">
    <failure type="java.lang.NullPointerException">
      <![CDATA[java.lang.NullPointerException
at com.qa.testcase.HomePageTest.verify_TotalPriceGrater_ToSubtotal(HomePageTest.java:306)
at java.util.concurrent.ThreadPoolExecutor.runWorker(ThreadPoolExecutor.java:1142)
at java.util.concurrent.ThreadPoolExecutor$Worker.run(ThreadPoolExecutor.java:617)
at java.lang.Thread.run(Thread.java:745)
... Removed 10 stack frames]]>
    </failure>
  </testcase> <!-- verify_TotalPriceGrater_ToSubtotal -->
  <testcase name="checkOutPocees" time="0.0" classname="com.qa.testcase.HomePageTest">
    <ignored/>
  </testcase> <!-- checkOutPocees -->
</testsuite> <!-- Test(failed) -->
